<?xml version="1.0" encoding="UTF-8"?>
<!-- Generated by org.testng.reporters.JUnitReportReporter -->
<testsuite skipped="1" hostname="DIPAKDAS-PC" name="stonehatch.TestStonehatch" tests="2" failures="0" timestamp="20 Apr 2018 14:14:52 GMT" time="127.217" errors="0">
  <testcase name="ShLogin" time="127.217" classname="stonehatch.TestStonehatch"/>
  <testcase name="AgentDetails" classname="stonehatch.TestStonehatch">
    <skipped/>
  </testcase> <!-- AgentDetails -->
</testsuite> <!-- stonehatch.TestStonehatch -->
