<?xml version="1.0" encoding="UTF-8"?>
<!-- Generated by org.testng.reporters.JUnitReportReporter -->
<testsuite skipped="0" hostname="DIPAKDAS-PC" name="stonehatch.com.Allmethods" tests="3" failures="0" timestamp="30 Mar 2018 13:17:06 GMT" time="162.140" errors="0">
  <testcase name="Appluncher" time="10.130" classname="stonehatch.com.Allmethods"/>
  <testcase name="Agentlogin" time="9.364" classname="stonehatch.com.Allmethods"/>
  <testcase name="Agentdetails" time="142.646" classname="stonehatch.com.Allmethods"/>
</testsuite> <!-- stonehatch.com.Allmethods -->
