<?xml version="1.0" encoding="UTF-8"?>
<!-- Generated by org.testng.reporters.JUnitReportReporter -->
<testsuite skipped="0" hostname="DIPAKDAS-PC" name="stonehatch.Allmethods" tests="3" failures="0" timestamp="30 Mar 2018 13:27:45 GMT" time="141.362" errors="0">
  <testcase name="Appluncher" time="9.632" classname="stonehatch.Allmethods"/>
  <testcase name="Agentlogin" time="8.745" classname="stonehatch.Allmethods"/>
  <testcase name="Agentdetails" time="122.985" classname="stonehatch.Allmethods"/>
</testsuite> <!-- stonehatch.Allmethods -->
