<?xml version="1.0" encoding="UTF-8"?>
<!-- Generated by org.testng.reporters.JUnitReportReporter -->
<testsuite skipped="1" hostname="DIPAKDAS-PC" name="stonehatch.TestStonehatch" tests="2" failures="0" timestamp="12 Apr 2018 14:16:22 GMT" time="107.395" errors="0">
  <testcase name="ShLogin" time="107.395" classname="stonehatch.TestStonehatch"/>
  <testcase name="AgentDetails" classname="stonehatch.TestStonehatch">
    <skipped/>
  </testcase> <!-- AgentDetails -->
</testsuite> <!-- stonehatch.TestStonehatch -->
